2021-10-24 15:26:18,117 [INFO] Time Limit: 7200 secs
2021-10-24 15:27:05,906 [INFO] Searched for independent sets during 82 iterations
2021-10-24 15:27:07,060 [INFO] construct_problem function took 0.0 mins, 48.91 secs
2021-10-24 15:27:07,060 [INFO] Using heuristics
2021-10-24 15:27:07,310 [INFO] Finished with heuristics, found solution length: 17, it's a clique: True
2021-10-24 15:29:59,220 [INFO] Total Call times: 12500, Best Found Solution: 21.0,Current Solution: 24.428821666072288
2021-10-24 15:29:59,220 [INFO] Number of constrained variables: 21
2021-10-24 15:32:01,986 [INFO] Total Call times: 20000, Best Found Solution: 21.0,Current Solution: 22.025641025641022
2021-10-24 15:32:01,986 [INFO] Number of constrained variables: 18
2021-10-24 15:32:45,276 [INFO] Total Call times: 22500, Best Found Solution: 21.0,Current Solution: 22.47616376892877
2021-10-24 15:32:45,276 [INFO] Number of constrained variables: 18
2021-10-24 15:33:28,235 [INFO] Total Call times: 25000, Best Found Solution: 21.0,Current Solution: 23.12677580121668
2021-10-24 15:33:28,235 [INFO] Number of constrained variables: 29
2021-10-24 15:35:54,469 [INFO] Total Call times: 32500, Best Found Solution: 21.0,Current Solution: 22.52812243808736
2021-10-24 15:35:54,470 [INFO] Number of constrained variables: 32
2021-10-24 15:39:55,690 [INFO] Total Call times: 45000, Best Found Solution: 21.0,Current Solution: 22.193939393939395
2021-10-24 15:39:55,691 [INFO] Number of constrained variables: 11
2021-10-24 15:41:21,143 [INFO] Total Call times: 50000, Best Found Solution: 21.0,Current Solution: 24.986122847440548
2021-10-24 15:41:21,143 [INFO] Number of constrained variables: 16
2021-10-24 15:42:06,132 [INFO] Total Call times: 52500, Best Found Solution: 21.0,Current Solution: 22.851053753749994
2021-10-24 15:42:06,132 [INFO] Number of constrained variables: 25
2021-10-24 15:42:54,002 [INFO] Total Call times: 55000, Best Found Solution: 21.0,Current Solution: 24.326815296673423
2021-10-24 15:42:54,002 [INFO] Number of constrained variables: 24
2021-10-24 15:43:50,497 [INFO] Total Call times: 57500, Best Found Solution: 21.0,Current Solution: 23.401973684210525
2021-10-24 15:43:50,497 [INFO] Number of constrained variables: 11
2021-10-24 15:45:24,177 [INFO] Total Call times: 62500, Best Found Solution: 21.0,Current Solution: 24.238076959984646
2021-10-24 15:45:24,177 [INFO] Number of constrained variables: 16
2021-10-24 15:46:18,869 [INFO] Total Call times: 65000, Best Found Solution: 21.0,Current Solution: 22.20957235910507
2021-10-24 15:46:18,869 [INFO] Number of constrained variables: 15
2021-10-24 15:48:32,852 [INFO] Total Call times: 72500, Best Found Solution: 21.0,Current Solution: 22.240449752077655
2021-10-24 15:48:32,852 [INFO] Number of constrained variables: 29
2021-10-24 15:49:22,656 [INFO] Total Call times: 75000, Best Found Solution: 21.0,Current Solution: 23.8247249808208
2021-10-24 15:49:22,656 [INFO] Number of constrained variables: 24
2021-10-24 15:51:44,167 [INFO] Total Call times: 82500, Best Found Solution: 21.0,Current Solution: 22.577621800165154
2021-10-24 15:51:44,167 [INFO] Number of constrained variables: 28
2021-10-24 15:55:00,674 [INFO] Total Call times: 92500, Best Found Solution: 21.0,Current Solution: 22.39079901186571
2021-10-24 15:55:00,674 [INFO] Number of constrained variables: 30
2021-10-24 15:55:57,059 [INFO] Total Call times: 95000, Best Found Solution: 21.0,Current Solution: 22.6215368531103
2021-10-24 15:55:57,059 [INFO] Number of constrained variables: 23
2021-10-24 15:56:45,760 [INFO] Total Call times: 97500, Best Found Solution: 21.0,Current Solution: 22.54340389568577
2021-10-24 15:56:45,760 [INFO] Number of constrained variables: 26
2021-10-24 15:57:36,593 [INFO] Total Call times: 100000, Best Found Solution: 21.0,Current Solution: 22.83420946219167
2021-10-24 15:57:36,593 [INFO] Number of constrained variables: 33
2021-10-24 16:02:52,486 [INFO] Total Call times: 115000, Best Found Solution: 21.0,Current Solution: 23.613360634758127
2021-10-24 16:02:52,486 [INFO] Number of constrained variables: 24
2021-10-24 16:03:49,431 [INFO] Total Call times: 117500, Best Found Solution: 21.0,Current Solution: 22.148148148148145
2021-10-24 16:03:49,431 [INFO] Number of constrained variables: 21
2021-10-24 16:07:29,621 [INFO] Total Call times: 127500, Best Found Solution: 21.0,Current Solution: 23.386804290629428
2021-10-24 16:07:29,622 [INFO] Number of constrained variables: 27
2021-10-24 16:09:23,101 [INFO] Total Call times: 132500, Best Found Solution: 21.0,Current Solution: 23.506153846153843
2021-10-24 16:09:23,101 [INFO] Number of constrained variables: 29
2021-10-24 16:11:19,237 [INFO] Total Call times: 137500, Best Found Solution: 21.0,Current Solution: 22.910926853296118
2021-10-24 16:11:19,237 [INFO] Number of constrained variables: 36
2021-10-24 16:12:20,116 [INFO] Total Call times: 140000, Best Found Solution: 21.0,Current Solution: 25.667457210410333
2021-10-24 16:12:20,116 [INFO] Number of constrained variables: 38
2021-10-24 16:15:41,031 [INFO] Total Call times: 147500, Best Found Solution: 21.0,Current Solution: 23.9131328563141
2021-10-24 16:15:41,031 [INFO] Number of constrained variables: 59
2021-10-24 16:16:00,731 [INFO] __call__ function took 48.0 mins, 53.42 secs
2021-10-24 16:16:00,731 [INFO] objective value: 21.0 
2021-10-24 16:16:00,731 [INFO] values:
2021-10-24 16:16:00,731 [INFO] 	x_3 = 1.0 	x_25 = 1.0 	x_31 = 1.0 	x_40 = 1.0 	x_45 = 1.0 	x_47 = 1.0 	x_82 = 1.0 	x_99 = 1.0 	x_102 = 1.0 	x_103 = 1.0 	x_106 = 1.0 	x_119 = 1.0 	x_121 = 1.0 	x_131 = 1.0 	x_136 = 1.0 	x_137 = 1.0 	x_143 = 1.0 	x_174 = 1.0 	x_179 = 1.0 	x_190 = 1.0 	x_198 = 1.0 
2021-10-24 16:16:00,732 [INFO] Found nodes create a clique
2021-10-24 16:16:00,733 [INFO] process_single_graph function took 49.0 mins, 42.62 secs
2021-10-24 16:16:00,733 [INFO] main function took 49.0 mins, 42.62 secs
